<?xml version="1.0" encoding="UTF-8"?>
<!-- Generated by org.testng.reporters.JUnitXMLReporter -->
<testsuite ignored="11" hostname="EC2AMAZ-OBO535E" failures="0" tests="13" name="Test" time="3152.322" errors="0" timestamp="2023-04-21T13:18:16 UTC">
  <testcase classname="HappyPathsRegMod1.WelcomingRegistrarDeniedChangeJurisdictionRequest" name="registrar_Denied_Change_Jurisdiction_Request" time="387.684"/>
  <testcase classname="HappyPathsRegMod1.AuthorityLoginAndDeniedRoleChange" name="authority_Login_And_Denied_Role_change" time="317.234"/>
  <testcase classname="HappyPathsRegMod1.ConfigurationSettingsTest" name="configuration_Settings_Done_By_JSA_User" time="55.061"/>
  <testcase classname="HappyPathsRegMod1.RegistrarDeniedProposedUserDetails" name="registrar_Login_And_Denied_Proposed_User_Details" time="44.933">
    <skipped/>
  </testcase> <!-- registrar_Login_And_Denied_Proposed_User_Details -->
  <testcase classname="HappyPathsRegMod1.RegistrarDeniedProposedUserDetails" name="registrar_Login_And_Denied_Proposed_User_Details" time="265.744"/>
  <testcase classname="HappyPathsRegMod1.CancelUserRegistrationByUser" name="cancel_UserRegistration_By_User" time="34.902"/>
  <testcase classname="HappyPathsRegMod1.DeniedUserRegistrationByRegistrar" name="denyUserRegistrationByRegistrar" time="42.641"/>
  <testcase classname="HappyPathsRegMod1.HappyPathWithAllFunctionalities" name="user_Login_And_Close_His_Account" time="678.199"/>
  <testcase classname="HappyPathsRegMod1.OriginalRegistrarLoginAndUnshareUserProfile" name="original_Jurisdiction_Registrar_Login_And_UnShare_User_Profile_With_Welcoming_jurisdiction" time="486.403"/>
  <testcase classname="HappyPathsRegMod1.ClosedAccountOfUserByRegistrar" name="registrar_Closed_User_Account" time="320.221"/>
  <testcase classname="HappyPathsRegMod1.CancelUserRegistrationByRegistrar" name="cancel_User_Registration_By_Registrar" time="43.213"/>
  <testcase classname="HappyPathsRegMod1.AuthorityApproveAfterRegistrarSubmitRequestRevision" name="authority_Login_And_Approve_user" time="242.421"/>
  <testcase classname="HappyPathsRegMod1.AuthorityLoginAndDeniedUser" name="authority_Login_And_Denied_User" time="210.19"/>
  <testcase classname="resources.base" name="@BeforeSuite start" time="0.0">
    <ignored/>
  </testcase> <!-- @BeforeSuite start -->
  <testcase classname="resources.base" name="@BeforeSuite start" time="0.0">
    <ignored/>
  </testcase> <!-- @BeforeSuite start -->
  <testcase classname="resources.base" name="@BeforeSuite start" time="0.0">
    <ignored/>
  </testcase> <!-- @BeforeSuite start -->
  <testcase classname="resources.base" name="@BeforeSuite start" time="0.0">
    <ignored/>
  </testcase> <!-- @BeforeSuite start -->
  <testcase classname="resources.base" name="@BeforeSuite start" time="0.0">
    <ignored/>
  </testcase> <!-- @BeforeSuite start -->
  <testcase classname="resources.base" name="@BeforeSuite start" time="0.0">
    <ignored/>
  </testcase> <!-- @BeforeSuite start -->
  <testcase classname="resources.base" name="@BeforeSuite start" time="0.0">
    <ignored/>
  </testcase> <!-- @BeforeSuite start -->
  <testcase classname="resources.base" name="@BeforeSuite start" time="0.0">
    <ignored/>
  </testcase> <!-- @BeforeSuite start -->
  <testcase classname="resources.base" name="@BeforeSuite start" time="0.0">
    <ignored/>
  </testcase> <!-- @BeforeSuite start -->
  <testcase classname="resources.base" name="@BeforeSuite start" time="0.0">
    <ignored/>
  </testcase> <!-- @BeforeSuite start -->
  <testcase classname="resources.base" name="@BeforeSuite start" time="0.0">
    <ignored/>
  </testcase> <!-- @BeforeSuite start -->
</testsuite> <!-- Test -->
